<?xml version="1.0" encoding="UTF-8"?>
<!-- Generated by org.testng.reporters.JUnitReportReporter -->
<testsuite hostname="DESKTOP-590DNVT" failures="0" tests="1" name="trustedShops.TestCases.ProfilePageTestCases" time="6.139" errors="0" timestamp="2023-05-16T00:54:11 GST" skipped="0">
  <testcase classname="trustedShops.TestCases.ProfilePageTestCases" name="verifyTitleExistence" time="6.139"/>
  <system-out/>
</testsuite> <!-- trustedShops.TestCases.ProfilePageTestCases -->
